/home/rohit.gajawada/.local/lib/python2.7/site-packages/skimage/transform/_warps.py:84: UserWarning: The default mode, 'constant', will be changed to 'reflect' in skimage 0.15.
  warn("The default mode, 'constant', will be changed to 'reflect' in "
Namespace(batch_size=16, cachemode=True, criterion='crossentropy', cuda=True, data_dir='../data/', dataset='gazefollow', decayinterval=1, decaylevel=1.15, epochs=50, inpsize=227, learningratescheduler='decayschedular', lr=None, manualSeed=123, maxlr=1e-05, minlr=1e-06, model_def='gazenet', momentum=0.9, nesterov=False, optimType='adam', placesmodelpath='../whole_alexnet_places365.pth.tar', pretrained=False, pretrained_file='', printfreq=50, resume='', start_epoch=0, store='', testOnly=False, testbatchsize=16, verbose=True, weightDecay=0, weight_init=True, workers=6)
Net (
  (salpath): AlexSal (
    (features): Sequential (
      (0): Conv2d(3, 64, kernel_size=(11, 11), stride=(4, 4), padding=(2, 2))
      (1): ReLU (inplace)
      (2): MaxPool2d (size=(3, 3), stride=(2, 2), dilation=(1, 1))
      (3): Conv2d(64, 192, kernel_size=(5, 5), stride=(1, 1), padding=(2, 2))
      (4): ReLU (inplace)
      (5): MaxPool2d (size=(3, 3), stride=(2, 2), dilation=(1, 1))
      (6): Conv2d(192, 384, kernel_size=(3, 3), stride=(1, 1), padding=(1, 1))
      (7): ReLU (inplace)
      (8): Conv2d(384, 256, kernel_size=(3, 3), stride=(1, 1), padding=(1, 1))
      (9): ReLU (inplace)
      (10): Conv2d(256, 256, kernel_size=(3, 3), stride=(1, 1), padding=(1, 1))
    )
    (relu): ReLU ()
    (conv6): Conv2d(256, 1, kernel_size=(1, 1), stride=(1, 1))
  )
  (gazepath): AlexGaze (
    (features): Sequential (
      (0): Conv2d(3, 64, kernel_size=(11, 11), stride=(4, 4), padding=(2, 2))
      (1): ReLU (inplace)
      (2): MaxPool2d (size=(3, 3), stride=(2, 2), dilation=(1, 1))
      (3): Conv2d(64, 192, kernel_size=(5, 5), stride=(1, 1), padding=(2, 2))
      (4): ReLU (inplace)
      (5): MaxPool2d (size=(3, 3), stride=(2, 2), dilation=(1, 1))
      (6): Conv2d(192, 384, kernel_size=(3, 3), stride=(1, 1), padding=(1, 1))
      (7): ReLU (inplace)
      (8): Conv2d(384, 256, kernel_size=(3, 3), stride=(1, 1), padding=(1, 1))
      (9): ReLU (inplace)
      (10): Conv2d(256, 256, kernel_size=(3, 3), stride=(1, 1), padding=(1, 1))
      (11): ReLU (inplace)
      (12): MaxPool2d (size=(3, 3), stride=(2, 2), dilation=(1, 1))
    )
    (relu): ReLU ()
    (fc1): Linear (9216 -> 500)
    (fc2): Linear (669 -> 400)
    (fc3): Linear (400 -> 200)
    (fc4): Linear (200 -> 169)
    (sig): Sigmoid ()
    (finalconv): Conv2d(1, 1, kernel_size=(3, 3), stride=(1, 1), padding=(1, 1))
  )
  (smax): Softmax ()
  (fc_0_m1): Linear (169 -> 25)
  (fc_0_1): Linear (169 -> 25)
  (fc_m1_0): Linear (169 -> 25)
  (fc_1_0): Linear (169 -> 25)
  (fc_0_0): Linear (169 -> 25)
)
('Starting epoch number:', 1, 'Learning rate:', 1e-05)
Traceback (most recent call last):
  File "main.py", line 53, in <module>
    main()
  File "main.py", line 42, in main
    trainer.train(train_loader, epoch, opt)
  File "/home/rohit.gajawada/smai17/Where-are-they-looking-PyTorch/train.py", line 44, in train
    loss = self.criterion(outputs, targets.max(1)[1])
  File "/home/rohit.gajawada/.local/lib/python2.7/site-packages/torch/nn/modules/module.py", line 224, in __call__
    result = self.forward(*input, **kwargs)
  File "/home/rohit.gajawada/.local/lib/python2.7/site-packages/torch/nn/modules/loss.py", line 482, in forward
    self.ignore_index)
  File "/home/rohit.gajawada/.local/lib/python2.7/site-packages/torch/nn/functional.py", line 746, in cross_entropy
    return nll_loss(log_softmax(input), target, weight, size_average, ignore_index)
  File "/home/rohit.gajawada/.local/lib/python2.7/site-packages/torch/nn/functional.py", line 672, in nll_loss
    return _functions.thnn.NLLLoss.apply(input, target, weight, size_average, ignore_index)
  File "/home/rohit.gajawada/.local/lib/python2.7/site-packages/torch/nn/_functions/thnn/auto.py", line 47, in forward
    output, *ctx.additional_args)
RuntimeError: invalid argument 2: mismatch between the batch size of input (256) and that of target (16) at /pytorch/torch/lib/THCUNN/generic/ClassNLLCriterion.cu:41
